[nltk_data] Downloading package punkt to /home/archit/nltk_data...
[nltk_data]   Unzipping tokenizers/punkt.zip.
Evaluation with Avg
44973
44973
	rouge-1:	P: 48.63	R: 15.28	F1: 22.69
	rouge-2:	P: 15.11	R:  4.57	F1:  6.83
	rouge-3:	P:  6.83	R:  2.00	F1:  3.01
	rouge-4:	P:  3.80	R:  1.08	F1:  1.63
	rouge-l:	P: 39.16	R: 14.55	F1: 20.82
	rouge-w:	P: 26.00	R:  3.21	F1:  5.64

Evaluation with Best
44973
44973
	rouge-1:	P: 48.63	R: 15.28	F1: 22.69
	rouge-2:	P: 15.11	R:  4.57	F1:  6.83
	rouge-3:	P:  6.83	R:  2.00	F1:  3.01
	rouge-4:	P:  3.80	R:  1.08	F1:  1.63
	rouge-l:	P: 39.16	R: 14.55	F1: 20.82
	rouge-w:	P: 26.00	R:  3.21	F1:  5.64

